<?xml version="1.0" encoding="UTF-8"?>
<testsuite name="racingcar.ApplicationTest" tests="3" skipped="0" failures="0" errors="0" timestamp="2023-10-30T15:30:07" hostname="KAMANOTE" time="0.557">
  <properties/>
  <testcase name="이름에 대한 예외 처리()" classname="racingcar.ApplicationTest" time="0.025"/>
  <testcase name="0 미만의 시도 횟수 예외 처리 테스트()" classname="racingcar.ApplicationTest" time="0.002"/>
  <testcase name="전진 정지()" classname="racingcar.ApplicationTest" time="0.527"/>
  <system-out><![CDATA[경주할 자동차 이름을 입력하세요.(이름은 쉼표(,) 기준으로 구분)
경주할 자동차 이름을 입력하세요.(이름은 쉼표(,) 기준으로 구분)
시도할 횟수는 몇 회인가요?
경주할 자동차 이름을 입력하세요.(이름은 쉼표(,) 기준으로 구분)
시도할 횟수는 몇 회인가요?
pobi : -
woni : 

최종 우승자 : pobi
]]></system-out>
  <system-err><![CDATA[]]></system-err>
</testsuite>
